1784535306.044104 client started (113957): version 3.7b, socket /tmp/tmux-1000/default, protocol 8
1784535306.044132 on Linux 7.1.3-2-cachyos #1 SMP PREEMPT_DYNAMIC Wed, 08 Jul 2026 18:34:01 +0000
1784535306.044138 using libevent 2.1.13-stable poll
1784535306.044142 using ncurses 6.6 20251230
1784535306.044159 flags are 0x10010000
1784535306.044168 socket is /tmp/tmux-1000/default
1784535306.044179 trying connect
1784535306.044209 add peer 0x55a4e4a48f30: 6 ((nil))
1784535306.045873 sending message 111 to peer 0x55a4e4a48f30 (8 bytes)
1784535306.045892 sending message 111 to peer 0x55a4e4a48f30 (8 bytes)
1784535306.045897 sending message 101 to peer 0x55a4e4a48f30 (14 bytes)
1784535306.045900 sending message 109 to peer 0x55a4e4a48f30 (4 bytes)
1784535306.045904 sending message 102 to peer 0x55a4e4a48f30 (11 bytes)
1784535306.045907 sending message 108 to peer 0x55a4e4a48f30 (34 bytes)
1784535306.045911 sending message 112 to peer 0x55a4e4a48f30 (70 bytes)
1784535306.045916 sending message 112 to peer 0x55a4e4a48f30 (5 bytes)
1784535306.045920 sending message 112 to peer 0x55a4e4a48f30 (5 bytes)
1784535306.045923 sending message 112 to peer 0x55a4e4a48f30 (6 bytes)
1784535306.045926 sending message 112 to peer 0x55a4e4a48f30 (6 bytes)
1784535306.045931 sending message 112 to peer 0x55a4e4a48f30 (11 bytes)
1784535306.045935 sending message 112 to peer 0x55a4e4a48f30 (10 bytes)
1784535306.045938 sending message 112 to peer 0x55a4e4a48f30 (13 bytes)
1784535306.045942 sending message 112 to peer 0x55a4e4a48f30 (13 bytes)
1784535306.045947 sending message 112 to peer 0x55a4e4a48f30 (18 bytes)
1784535306.045950 sending message 112 to peer 0x55a4e4a48f30 (11 bytes)
1784535306.045954 sending message 112 to peer 0x55a4e4a48f30 (10 bytes)
1784535306.045958 sending message 112 to peer 0x55a4e4a48f30 (15 bytes)
1784535306.045962 sending message 112 to peer 0x55a4e4a48f30 (21 bytes)
1784535306.045966 sending message 112 to peer 0x55a4e4a48f30 (13 bytes)
1784535306.045969 sending message 112 to peer 0x55a4e4a48f30 (7 bytes)
1784535306.045974 sending message 112 to peer 0x55a4e4a48f30 (13 bytes)
1784535306.045978 sending message 112 to peer 0x55a4e4a48f30 (7 bytes)
1784535306.045981 sending message 112 to peer 0x55a4e4a48f30 (13 bytes)
1784535306.045986 sending message 112 to peer 0x55a4e4a48f30 (9 bytes)
1784535306.045989 sending message 112 to peer 0x55a4e4a48f30 (21 bytes)
1784535306.045993 sending message 112 to peer 0x55a4e4a48f30 (13 bytes)
1784535306.045997 sending message 112 to peer 0x55a4e4a48f30 (8 bytes)
1784535306.046001 sending message 112 to peer 0x55a4e4a48f30 (12 bytes)
1784535306.046005 sending message 112 to peer 0x55a4e4a48f30 (13 bytes)
1784535306.046008 sending message 112 to peer 0x55a4e4a48f30 (9 bytes)
1784535306.046036 sending message 112 to peer 0x55a4e4a48f30 (9 bytes)
1784535306.046041 sending message 112 to peer 0x55a4e4a48f30 (12 bytes)
1784535306.046044 sending message 112 to peer 0x55a4e4a48f30 (8 bytes)
1784535306.046048 sending message 112 to peer 0x55a4e4a48f30 (8 bytes)
1784535306.046053 sending message 112 to peer 0x55a4e4a48f30 (7 bytes)
1784535306.046056 sending message 112 to peer 0x55a4e4a48f30 (7 bytes)
1784535306.046060 sending message 112 to peer 0x55a4e4a48f30 (9 bytes)
1784535306.046065 sending message 112 to peer 0x55a4e4a48f30 (13 bytes)
1784535306.046068 sending message 112 to peer 0x55a4e4a48f30 (6 bytes)
1784535306.046072 sending message 112 to peer 0x55a4e4a48f30 (9 bytes)
1784535306.046075 sending message 112 to peer 0x55a4e4a48f30 (15 bytes)
1784535306.046080 sending message 112 to peer 0x55a4e4a48f30 (13 bytes)
1784535306.046084 sending message 112 to peer 0x55a4e4a48f30 (12 bytes)
1784535306.046087 sending message 112 to peer 0x55a4e4a48f30 (8 bytes)
1784535306.046092 sending message 112 to peer 0x55a4e4a48f30 (14 bytes)
1784535306.046096 sending message 112 to peer 0x55a4e4a48f30 (11 bytes)
1784535306.046099 sending message 112 to peer 0x55a4e4a48f30 (9 bytes)
1784535306.046102 sending message 112 to peer 0x55a4e4a48f30 (10 bytes)
1784535306.046107 sending message 112 to peer 0x55a4e4a48f30 (10 bytes)
1784535306.046121 sending message 112 to peer 0x55a4e4a48f30 (10 bytes)
1784535306.046126 sending message 112 to peer 0x55a4e4a48f30 (10 bytes)
1784535306.046130 sending message 112 to peer 0x55a4e4a48f30 (11 bytes)
1784535306.046135 sending message 112 to peer 0x55a4e4a48f30 (12 bytes)
1784535306.046138 sending message 112 to peer 0x55a4e4a48f30 (12 bytes)
1784535306.046142 sending message 112 to peer 0x55a4e4a48f30 (12 bytes)
1784535306.046147 sending message 112 to peer 0x55a4e4a48f30 (12 bytes)
1784535306.046150 sending message 112 to peer 0x55a4e4a48f30 (12 bytes)
1784535306.046154 sending message 112 to peer 0x55a4e4a48f30 (11 bytes)
1784535306.046157 sending message 112 to peer 0x55a4e4a48f30 (11 bytes)
1784535306.046162 sending message 112 to peer 0x55a4e4a48f30 (12 bytes)
1784535306.046165 sending message 112 to peer 0x55a4e4a48f30 (12 bytes)
1784535306.046169 sending message 112 to peer 0x55a4e4a48f30 (12 bytes)
1784535306.046174 sending message 112 to peer 0x55a4e4a48f30 (12 bytes)
1784535306.046178 sending message 112 to peer 0x55a4e4a48f30 (12 bytes)
1784535306.046181 sending message 112 to peer 0x55a4e4a48f30 (10 bytes)
1784535306.046185 sending message 112 to peer 0x55a4e4a48f30 (12 bytes)
1784535306.046189 sending message 112 to peer 0x55a4e4a48f30 (13 bytes)
1784535306.046193 sending message 112 to peer 0x55a4e4a48f30 (13 bytes)
1784535306.046196 sending message 112 to peer 0x55a4e4a48f30 (13 bytes)
1784535306.046201 sending message 112 to peer 0x55a4e4a48f30 (13 bytes)
1784535306.046205 sending message 112 to peer 0x55a4e4a48f30 (13 bytes)
1784535306.046208 sending message 112 to peer 0x55a4e4a48f30 (8 bytes)
1784535306.046212 sending message 112 to peer 0x55a4e4a48f30 (11 bytes)
1784535306.046217 sending message 112 to peer 0x55a4e4a48f30 (11 bytes)
1784535306.046220 sending message 112 to peer 0x55a4e4a48f30 (11 bytes)
1784535306.046224 sending message 112 to peer 0x55a4e4a48f30 (12 bytes)
1784535306.046228 sending message 112 to peer 0x55a4e4a48f30 (12 bytes)
1784535306.046232 sending message 112 to peer 0x55a4e4a48f30 (12 bytes)
1784535306.046235 sending message 112 to peer 0x55a4e4a48f30 (12 bytes)
1784535306.046239 sending message 112 to peer 0x55a4e4a48f30 (13 bytes)
1784535306.046244 sending message 112 to peer 0x55a4e4a48f30 (13 bytes)
1784535306.046247 sending message 112 to peer 0x55a4e4a48f30 (13 bytes)
1784535306.046250 sending message 112 to peer 0x55a4e4a48f30 (8 bytes)
1784535306.046255 sending message 112 to peer 0x55a4e4a48f30 (13 bytes)
1784535306.046259 sending message 112 to peer 0x55a4e4a48f30 (13 bytes)
1784535306.046262 sending message 112 to peer 0x55a4e4a48f30 (13 bytes)
1784535306.046266 sending message 112 to peer 0x55a4e4a48f30 (13 bytes)
1784535306.046271 sending message 112 to peer 0x55a4e4a48f30 (13 bytes)
1784535306.046274 sending message 112 to peer 0x55a4e4a48f30 (12 bytes)
1784535306.046277 sending message 112 to peer 0x55a4e4a48f30 (12 bytes)
1784535306.046282 sending message 112 to peer 0x55a4e4a48f30 (12 bytes)
1784535306.046286 sending message 112 to peer 0x55a4e4a48f30 (12 bytes)
1784535306.046289 sending message 112 to peer 0x55a4e4a48f30 (13 bytes)
1784535306.046293 sending message 112 to peer 0x55a4e4a48f30 (8 bytes)
1784535306.046298 sending message 112 to peer 0x55a4e4a48f30 (13 bytes)
1784535306.046301 sending message 112 to peer 0x55a4e4a48f30 (13 bytes)
1784535306.046304 sending message 112 to peer 0x55a4e4a48f30 (13 bytes)
1784535306.046309 sending message 112 to peer 0x55a4e4a48f30 (13 bytes)
1784535306.046313 sending message 112 to peer 0x55a4e4a48f30 (13 bytes)
1784535306.046316 sending message 112 to peer 0x55a4e4a48f30 (13 bytes)
1784535306.046320 sending message 112 to peer 0x55a4e4a48f30 (13 bytes)
1784535306.046325 sending message 112 to peer 0x55a4e4a48f30 (12 bytes)
1784535306.046328 sending message 112 to peer 0x55a4e4a48f30 (12 bytes)
1784535306.046332 sending message 112 to peer 0x55a4e4a48f30 (12 bytes)
1784535306.046336 sending message 112 to peer 0x55a4e4a48f30 (8 bytes)
1784535306.046340 sending message 112 to peer 0x55a4e4a48f30 (12 bytes)
1784535306.046347 sending message 112 to peer 0x55a4e4a48f30 (13 bytes)
1784535306.046352 sending message 112 to peer 0x55a4e4a48f30 (13 bytes)
1784535306.046356 sending message 112 to peer 0x55a4e4a48f30 (13 bytes)
1784535306.046359 sending message 112 to peer 0x55a4e4a48f30 (13 bytes)
1784535306.046364 sending message 112 to peer 0x55a4e4a48f30 (13 bytes)
1784535306.046368 sending message 112 to peer 0x55a4e4a48f30 (13 bytes)
1784535306.046371 sending message 112 to peer 0x55a4e4a48f30 (13 bytes)
1784535306.046376 sending message 112 to peer 0x55a4e4a48f30 (13 bytes)
1784535306.046379 sending message 112 to peer 0x55a4e4a48f30 (12 bytes)
1784535306.046383 sending message 112 to peer 0x55a4e4a48f30 (10 bytes)
1784535306.046386 sending message 112 to peer 0x55a4e4a48f30 (12 bytes)
1784535306.046391 sending message 112 to peer 0x55a4e4a48f30 (12 bytes)
1784535306.046394 sending message 112 to peer 0x55a4e4a48f30 (12 bytes)
1784535306.046398 sending message 112 to peer 0x55a4e4a48f30 (13 bytes)
1784535306.046406 sending message 112 to peer 0x55a4e4a48f30 (13 bytes)
1784535306.046409 sending message 112 to peer 0x55a4e4a48f30 (13 bytes)
1784535306.046413 sending message 112 to peer 0x55a4e4a48f30 (13 bytes)
1784535306.046418 sending message 112 to peer 0x55a4e4a48f30 (13 bytes)
1784535306.046421 sending message 112 to peer 0x55a4e4a48f30 (13 bytes)
1784535306.046424 sending message 112 to peer 0x55a4e4a48f30 (13 bytes)
1784535306.046428 sending message 112 to peer 0x55a4e4a48f30 (10 bytes)
1784535306.046433 sending message 112 to peer 0x55a4e4a48f30 (13 bytes)
1784535306.046436 sending message 112 to peer 0x55a4e4a48f30 (12 bytes)
1784535306.046440 sending message 112 to peer 0x55a4e4a48f30 (12 bytes)
1784535306.046445 sending message 112 to peer 0x55a4e4a48f30 (12 bytes)
1784535306.046449 sending message 112 to peer 0x55a4e4a48f30 (10 bytes)
1784535306.046452 sending message 112 to peer 0x55a4e4a48f30 (10 bytes)
1784535306.046457 sending message 112 to peer 0x55a4e4a48f30 (10 bytes)
1784535306.046460 sending message 112 to peer 0x55a4e4a48f30 (12 bytes)
1784535306.046464 sending message 112 to peer 0x55a4e4a48f30 (13 bytes)
1784535306.046467 sending message 112 to peer 0x55a4e4a48f30 (13 bytes)
1784535306.046472 sending message 112 to peer 0x55a4e4a48f30 (13 bytes)
1784535306.046476 sending message 112 to peer 0x55a4e4a48f30 (13 bytes)
1784535306.046479 sending message 112 to peer 0x55a4e4a48f30 (13 bytes)
1784535306.046484 sending message 112 to peer 0x55a4e4a48f30 (11 bytes)
1784535306.046487 sending message 112 to peer 0x55a4e4a48f30 (11 bytes)
1784535306.046491 sending message 112 to peer 0x55a4e4a48f30 (12 bytes)
1784535306.046494 sending message 112 to peer 0x55a4e4a48f30 (12 bytes)
1784535306.046499 sending message 112 to peer 0x55a4e4a48f30 (12 bytes)
1784535306.046503 sending message 112 to peer 0x55a4e4a48f30 (12 bytes)
1784535306.046506 sending message 112 to peer 0x55a4e4a48f30 (12 bytes)
1784535306.046511 sending message 112 to peer 0x55a4e4a48f30 (11 bytes)
1784535306.046515 sending message 112 to peer 0x55a4e4a48f30 (12 bytes)
1784535306.046518 sending message 112 to peer 0x55a4e4a48f30 (12 bytes)
1784535306.046521 sending message 112 to peer 0x55a4e4a48f30 (13 bytes)
1784535306.046526 sending message 112 to peer 0x55a4e4a48f30 (13 bytes)
1784535306.046530 sending message 112 to peer 0x55a4e4a48f30 (13 bytes)
1784535306.046533 sending message 112 to peer 0x55a4e4a48f30 (13 bytes)
1784535306.046538 sending message 112 to peer 0x55a4e4a48f30 (13 bytes)
1784535306.046541 sending message 112 to peer 0x55a4e4a48f30 (10 bytes)
1784535306.046545 sending message 112 to peer 0x55a4e4a48f30 (9 bytes)
1784535306.046548 sending message 112 to peer 0x55a4e4a48f30 (12 bytes)
1784535306.046553 sending message 112 to peer 0x55a4e4a48f30 (13 bytes)
1784535306.046557 sending message 112 to peer 0x55a4e4a48f30 (13 bytes)
1784535306.046560 sending message 112 to peer 0x55a4e4a48f30 (13 bytes)
1784535306.046565 sending message 112 to peer 0x55a4e4a48f30 (13 bytes)
1784535306.046569 sending message 112 to peer 0x55a4e4a48f30 (13 bytes)
1784535306.046576 sending message 112 to peer 0x55a4e4a48f30 (9 bytes)
1784535306.046581 sending message 112 to peer 0x55a4e4a48f30 (12 bytes)
1784535306.046584 sending message 112 to peer 0x55a4e4a48f30 (13 bytes)
1784535306.046588 sending message 112 to peer 0x55a4e4a48f30 (13 bytes)
1784535306.046592 sending message 112 to peer 0x55a4e4a48f30 (13 bytes)
1784535306.046596 sending message 112 to peer 0x55a4e4a48f30 (13 bytes)
1784535306.046599 sending message 112 to peer 0x55a4e4a48f30 (13 bytes)
1784535306.046603 sending message 112 to peer 0x55a4e4a48f30 (11 bytes)
1784535306.046607 sending message 112 to peer 0x55a4e4a48f30 (12 bytes)
1784535306.046611 sending message 112 to peer 0x55a4e4a48f30 (13 bytes)
1784535306.046614 sending message 112 to peer 0x55a4e4a48f30 (13 bytes)
1784535306.046618 sending message 112 to peer 0x55a4e4a48f30 (13 bytes)
1784535306.046623 sending message 112 to peer 0x55a4e4a48f30 (13 bytes)
1784535306.046626 sending message 112 to peer 0x55a4e4a48f30 (13 bytes)
1784535306.046630 sending message 112 to peer 0x55a4e4a48f30 (11 bytes)
1784535306.046634 sending message 112 to peer 0x55a4e4a48f30 (12 bytes)
1784535306.046638 sending message 112 to peer 0x55a4e4a48f30 (12 bytes)
1784535306.046641 sending message 112 to peer 0x55a4e4a48f30 (12 bytes)
1784535306.046645 sending message 112 to peer 0x55a4e4a48f30 (12 bytes)
1784535306.046649 sending message 112 to peer 0x55a4e4a48f30 (12 bytes)
1784535306.046653 sending message 112 to peer 0x55a4e4a48f30 (21 bytes)
1784535306.046657 sending message 112 to peer 0x55a4e4a48f30 (12 bytes)
1784535306.046662 sending message 112 to peer 0x55a4e4a48f30 (9 bytes)
1784535306.046666 sending message 112 to peer 0x55a4e4a48f30 (6 bytes)
1784535306.046669 sending message 112 to peer 0x55a4e4a48f30 (13 bytes)
1784535306.046674 sending message 112 to peer 0x55a4e4a48f30 (8 bytes)
1784535306.046677 sending message 112 to peer 0x55a4e4a48f30 (15 bytes)
1784535306.046681 sending message 112 to peer 0x55a4e4a48f30 (13 bytes)
1784535306.046684 sending message 112 to peer 0x55a4e4a48f30 (9 bytes)
1784535306.046689 sending message 112 to peer 0x55a4e4a48f30 (70 bytes)
1784535306.046693 sending message 112 to peer 0x55a4e4a48f30 (69 bytes)
1784535306.046696 sending message 112 to peer 0x55a4e4a48f30 (10 bytes)
1784535306.046701 sending message 112 to peer 0x55a4e4a48f30 (10 bytes)
1784535306.046705 sending message 112 to peer 0x55a4e4a48f30 (8 bytes)
1784535306.046708 sending message 112 to peer 0x55a4e4a48f30 (15 bytes)
1784535306.046712 sending message 112 to peer 0x55a4e4a48f30 (13 bytes)
1784535306.046716 sending message 112 to peer 0x55a4e4a48f30 (10 bytes)
1784535306.046720 sending message 112 to peer 0x55a4e4a48f30 (10 bytes)
1784535306.046723 sending message 112 to peer 0x55a4e4a48f30 (17 bytes)
1784535306.046727 sending message 112 to peer 0x55a4e4a48f30 (10 bytes)
1784535306.046731 sending message 112 to peer 0x55a4e4a48f30 (13 bytes)
1784535306.046735 sending message 112 to peer 0x55a4e4a48f30 (9 bytes)
1784535306.046738 sending message 112 to peer 0x55a4e4a48f30 (5 bytes)
1784535306.046743 sending message 112 to peer 0x55a4e4a48f30 (15 bytes)
1784535306.046748 sending message 104 to peer 0x55a4e4a48f30 (0 bytes)
1784535306.046752 sending message 110 to peer 0x55a4e4a48f30 (0 bytes)
1784535306.046758 sending message 107 to peer 0x55a4e4a48f30 (4 bytes)
1784535306.046761 sending message 105 to peer 0x55a4e4a48f30 (43 bytes)
1784535306.046765 sending message 105 to peer 0x55a4e4a48f30 (21 bytes)
1784535306.046770 sending message 105 to peer 0x55a4e4a48f30 (16 bytes)
1784535306.046774 sending message 105 to peer 0x55a4e4a48f30 (120 bytes)
1784535306.046778 sending message 105 to peer 0x55a4e4a48f30 (23 bytes)
1784535306.046783 sending message 105 to peer 0x55a4e4a48f30 (19 bytes)
1784535306.046786 sending message 105 to peer 0x55a4e4a48f30 (41 bytes)
1784535306.046790 sending message 105 to peer 0x55a4e4a48f30 (21 bytes)
1784535306.046793 sending message 105 to peer 0x55a4e4a48f30 (58 bytes)
1784535306.046799 sending message 105 to peer 0x55a4e4a48f30 (26 bytes)
1784535306.046807 sending message 105 to peer 0x55a4e4a48f30 (29 bytes)
1784535306.046812 sending message 105 to peer 0x55a4e4a48f30 (28 bytes)
1784535306.046815 sending message 105 to peer 0x55a4e4a48f30 (43 bytes)
1784535306.046819 sending message 105 to peer 0x55a4e4a48f30 (47 bytes)
1784535306.046824 sending message 105 to peer 0x55a4e4a48f30 (24 bytes)
1784535306.046827 sending message 105 to peer 0x55a4e4a48f30 (17 bytes)
1784535306.046830 sending message 105 to peer 0x55a4e4a48f30 (12 bytes)
1784535306.046834 sending message 105 to peer 0x55a4e4a48f30 (14 bytes)
1784535306.046839 sending message 105 to peer 0x55a4e4a48f30 (41 bytes)
1784535306.046842 sending message 105 to peer 0x55a4e4a48f30 (73 bytes)
1784535306.046846 sending message 105 to peer 0x55a4e4a48f30 (21 bytes)
1784535306.046850 sending message 105 to peer 0x55a4e4a48f30 (22 bytes)
1784535306.046854 sending message 105 to peer 0x55a4e4a48f30 (54 bytes)
1784535306.046858 sending message 105 to peer 0x55a4e4a48f30 (50 bytes)
1784535306.046861 sending message 105 to peer 0x55a4e4a48f30 (23 bytes)
1784535306.046866 sending message 105 to peer 0x55a4e4a48f30 (51 bytes)
1784535306.046870 sending message 105 to peer 0x55a4e4a48f30 (53 bytes)
1784535306.046873 sending message 105 to peer 0x55a4e4a48f30 (37 bytes)
1784535306.046878 sending message 105 to peer 0x55a4e4a48f30 (27 bytes)
1784535306.046881 sending message 105 to peer 0x55a4e4a48f30 (11 bytes)
1784535306.046885 sending message 105 to peer 0x55a4e4a48f30 (39 bytes)
1784535306.046888 sending message 105 to peer 0x55a4e4a48f30 (102 bytes)
1784535306.046893 sending message 105 to peer 0x55a4e4a48f30 (24 bytes)
1784535306.046897 sending message 105 to peer 0x55a4e4a48f30 (14 bytes)
1784535306.046900 sending message 105 to peer 0x55a4e4a48f30 (13 bytes)
1784535306.046905 sending message 105 to peer 0x55a4e4a48f30 (17 bytes)
1784535306.046908 sending message 105 to peer 0x55a4e4a48f30 (25 bytes)
1784535306.046912 sending message 105 to peer 0x55a4e4a48f30 (8 bytes)
1784535306.046915 sending message 105 to peer 0x55a4e4a48f30 (30 bytes)
1784535306.046920 sending message 105 to peer 0x55a4e4a48f30 (57 bytes)
1784535306.046923 sending message 105 to peer 0x55a4e4a48f30 (737 bytes)
1784535306.046927 sending message 105 to peer 0x55a4e4a48f30 (31 bytes)
1784535306.046932 sending message 105 to peer 0x55a4e4a48f30 (24 bytes)
1784535306.046935 sending message 105 to peer 0x55a4e4a48f30 (25 bytes)
1784535306.046939 sending message 105 to peer 0x55a4e4a48f30 (60 bytes)
1784535306.046942 sending message 105 to peer 0x55a4e4a48f30 (11 bytes)
1784535306.046947 sending message 105 to peer 0x55a4e4a48f30 (11 bytes)
1784535306.046951 sending message 105 to peer 0x55a4e4a48f30 (38 bytes)
1784535306.046954 sending message 105 to peer 0x55a4e4a48f30 (86 bytes)
1784535306.046959 sending message 105 to peer 0x55a4e4a48f30 (54 bytes)
1784535306.046963 sending message 105 to peer 0x55a4e4a48f30 (90 bytes)
1784535306.046966 sending message 105 to peer 0x55a4e4a48f30 (30 bytes)
1784535306.046970 sending message 105 to peer 0x55a4e4a48f30 (31 bytes)
1784535306.046975 sending message 105 to peer 0x55a4e4a48f30 (22 bytes)
1784535306.046978 sending message 105 to peer 0x55a4e4a48f30 (29 bytes)
1784535306.046982 sending message 105 to peer 0x55a4e4a48f30 (25 bytes)
1784535306.046986 sending message 105 to peer 0x55a4e4a48f30 (23 bytes)
1784535306.046990 sending message 105 to peer 0x55a4e4a48f30 (25 bytes)
1784535306.046993 sending message 105 to peer 0x55a4e4a48f30 (24 bytes)
1784535306.046997 sending message 105 to peer 0x55a4e4a48f30 (52 bytes)
1784535306.047001 sending message 105 to peer 0x55a4e4a48f30 (46 bytes)
1784535306.047005 sending message 105 to peer 0x55a4e4a48f30 (18 bytes)
1784535306.047008 sending message 105 to peer 0x55a4e4a48f30 (23 bytes)
1784535306.047015 sending message 105 to peer 0x55a4e4a48f30 (20 bytes)
1784535306.047019 sending message 105 to peer 0x55a4e4a48f30 (26 bytes)
1784535306.047026 sending message 105 to peer 0x55a4e4a48f30 (27 bytes)
1784535306.047029 sending message 105 to peer 0x55a4e4a48f30 (81 bytes)
1784535306.047038 sending message 105 to peer 0x55a4e4a48f30 (20 bytes)
1784535306.047042 sending message 105 to peer 0x55a4e4a48f30 (15 bytes)
1784535306.047045 sending message 105 to peer 0x55a4e4a48f30 (20 bytes)
1784535306.047050 sending message 105 to peer 0x55a4e4a48f30 (15 bytes)
1784535306.047054 sending message 105 to peer 0x55a4e4a48f30 (16 bytes)
1784535306.047057 sending message 105 to peer 0x55a4e4a48f30 (19 bytes)
1784535306.047062 sending message 105 to peer 0x55a4e4a48f30 (23 bytes)
1784535306.047066 sending message 105 to peer 0x55a4e4a48f30 (17 bytes)
1784535306.047069 sending message 105 to peer 0x55a4e4a48f30 (75 bytes)
1784535306.047074 sending message 105 to peer 0x55a4e4a48f30 (26 bytes)
1784535306.047078 sending message 105 to peer 0x55a4e4a48f30 (24 bytes)
1784535306.047081 sending message 105 to peer 0x55a4e4a48f30 (142 bytes)
1784535306.047085 sending message 106 to peer 0x55a4e4a48f30 (0 bytes)
1784535306.047140 sending message 200 to peer 0x55a4e4a48f30 (4 bytes)
1784535306.047147 client loop enter
1784535306.049958 peer 0x55a4e4a48f30 message 303
1784535306.049973 open write file 2 -
1784535306.049989 sending message 305 to peer 0x55a4e4a48f30 (8 bytes)
1784535306.050000 write check file 2
1784535306.050090 peer 0x55a4e4a48f30 message 304
1784535306.050097 write 58 to file 2
1784535306.050103 peer 0x55a4e4a48f30 message 203
1784535306.050108 file 2 58 bytes left
1784535306.050121 write check file 2
1784535306.050125 client loop exit
