1784535295.528988 client started (113891): version 3.7b, socket /tmp/tmux-1000/default, protocol 8
1784535295.529027 on Linux 7.1.3-2-cachyos #1 SMP PREEMPT_DYNAMIC Wed, 08 Jul 2026 18:34:01 +0000
1784535295.529032 using libevent 2.1.13-stable poll
1784535295.529036 using ncurses 6.6 20251230
1784535295.529057 flags are 0x18010000
1784535295.529064 socket is /tmp/tmux-1000/default
1784535295.529075 trying connect
1784535295.529092 connect failed: Connection refused
1784535295.529101 lock file is /tmp/tmux-1000/default.lock
1784535295.529119 flock succeeded
1784535295.529126 got lock (6)
1784535295.529133 trying connect
1784535295.529144 connect failed: Connection refused
1784535295.529368 add peer 0x55695f6e5dc0: 7 ((nil))
1784535295.529806 sending message 111 to peer 0x55695f6e5dc0 (8 bytes)
1784535295.529819 sending message 111 to peer 0x55695f6e5dc0 (8 bytes)
1784535295.529823 sending message 101 to peer 0x55695f6e5dc0 (14 bytes)
1784535295.529827 sending message 109 to peer 0x55695f6e5dc0 (4 bytes)
1784535295.529830 sending message 102 to peer 0x55695f6e5dc0 (11 bytes)
1784535295.529834 sending message 108 to peer 0x55695f6e5dc0 (34 bytes)
1784535295.529839 sending message 112 to peer 0x55695f6e5dc0 (70 bytes)
1784535295.529843 sending message 112 to peer 0x55695f6e5dc0 (5 bytes)
1784535295.529847 sending message 112 to peer 0x55695f6e5dc0 (5 bytes)
1784535295.529852 sending message 112 to peer 0x55695f6e5dc0 (6 bytes)
1784535295.529856 sending message 112 to peer 0x55695f6e5dc0 (6 bytes)
1784535295.529859 sending message 112 to peer 0x55695f6e5dc0 (11 bytes)
1784535295.529865 sending message 112 to peer 0x55695f6e5dc0 (10 bytes)
1784535295.529869 sending message 112 to peer 0x55695f6e5dc0 (13 bytes)
1784535295.529873 sending message 112 to peer 0x55695f6e5dc0 (14 bytes)
1784535295.529876 sending message 112 to peer 0x55695f6e5dc0 (9 bytes)
1784535295.529881 sending message 112 to peer 0x55695f6e5dc0 (21 bytes)
1784535295.529885 sending message 112 to peer 0x55695f6e5dc0 (19 bytes)
1784535295.529888 sending message 112 to peer 0x55695f6e5dc0 (11 bytes)
1784535295.529892 sending message 112 to peer 0x55695f6e5dc0 (21 bytes)
1784535295.529897 sending message 112 to peer 0x55695f6e5dc0 (13 bytes)
1784535295.529901 sending message 112 to peer 0x55695f6e5dc0 (7 bytes)
1784535295.529906 sending message 112 to peer 0x55695f6e5dc0 (13 bytes)
1784535295.529909 sending message 112 to peer 0x55695f6e5dc0 (7 bytes)
1784535295.529913 sending message 112 to peer 0x55695f6e5dc0 (13 bytes)
1784535295.529916 sending message 112 to peer 0x55695f6e5dc0 (9 bytes)
1784535295.529921 sending message 112 to peer 0x55695f6e5dc0 (21 bytes)
1784535295.529925 sending message 112 to peer 0x55695f6e5dc0 (13 bytes)
1784535295.529928 sending message 112 to peer 0x55695f6e5dc0 (9 bytes)
1784535295.529934 sending message 112 to peer 0x55695f6e5dc0 (16 bytes)
1784535295.529937 sending message 112 to peer 0x55695f6e5dc0 (13 bytes)
1784535295.529941 sending message 112 to peer 0x55695f6e5dc0 (9 bytes)
1784535295.529946 sending message 112 to peer 0x55695f6e5dc0 (9 bytes)
1784535295.529949 sending message 112 to peer 0x55695f6e5dc0 (12 bytes)
1784535295.529953 sending message 112 to peer 0x55695f6e5dc0 (8 bytes)
1784535295.529957 sending message 112 to peer 0x55695f6e5dc0 (12 bytes)
1784535295.529961 sending message 112 to peer 0x55695f6e5dc0 (8 bytes)
1784535295.529964 sending message 112 to peer 0x55695f6e5dc0 (13 bytes)
1784535295.529969 sending message 112 to peer 0x55695f6e5dc0 (7 bytes)
1784535295.529973 sending message 112 to peer 0x55695f6e5dc0 (7 bytes)
1784535295.529977 sending message 112 to peer 0x55695f6e5dc0 (9 bytes)
1784535295.529981 sending message 112 to peer 0x55695f6e5dc0 (12 bytes)
1784535295.529985 sending message 112 to peer 0x55695f6e5dc0 (6 bytes)
1784535295.529988 sending message 112 to peer 0x55695f6e5dc0 (9 bytes)
1784535295.529992 sending message 112 to peer 0x55695f6e5dc0 (15 bytes)
1784535295.529996 sending message 112 to peer 0x55695f6e5dc0 (13 bytes)
1784535295.530000 sending message 112 to peer 0x55695f6e5dc0 (9 bytes)
1784535295.530003 sending message 112 to peer 0x55695f6e5dc0 (12 bytes)
1784535295.530025 sending message 112 to peer 0x55695f6e5dc0 (8 bytes)
1784535295.530029 sending message 112 to peer 0x55695f6e5dc0 (14 bytes)
1784535295.530035 sending message 112 to peer 0x55695f6e5dc0 (11 bytes)
1784535295.530038 sending message 112 to peer 0x55695f6e5dc0 (9 bytes)
1784535295.530042 sending message 112 to peer 0x55695f6e5dc0 (10 bytes)
1784535295.530046 sending message 112 to peer 0x55695f6e5dc0 (10 bytes)
1784535295.530051 sending message 112 to peer 0x55695f6e5dc0 (10 bytes)
1784535295.530055 sending message 112 to peer 0x55695f6e5dc0 (10 bytes)
1784535295.530060 sending message 112 to peer 0x55695f6e5dc0 (11 bytes)
1784535295.530063 sending message 112 to peer 0x55695f6e5dc0 (12 bytes)
1784535295.530067 sending message 112 to peer 0x55695f6e5dc0 (12 bytes)
1784535295.530070 sending message 112 to peer 0x55695f6e5dc0 (12 bytes)
1784535295.530075 sending message 112 to peer 0x55695f6e5dc0 (12 bytes)
1784535295.530079 sending message 112 to peer 0x55695f6e5dc0 (12 bytes)
1784535295.530084 sending message 112 to peer 0x55695f6e5dc0 (11 bytes)
1784535295.530088 sending message 112 to peer 0x55695f6e5dc0 (11 bytes)
1784535295.530091 sending message 112 to peer 0x55695f6e5dc0 (12 bytes)
1784535295.530095 sending message 112 to peer 0x55695f6e5dc0 (12 bytes)
1784535295.530100 sending message 112 to peer 0x55695f6e5dc0 (12 bytes)
1784535295.530104 sending message 112 to peer 0x55695f6e5dc0 (12 bytes)
1784535295.530109 sending message 112 to peer 0x55695f6e5dc0 (12 bytes)
1784535295.530113 sending message 112 to peer 0x55695f6e5dc0 (9 bytes)
1784535295.530116 sending message 112 to peer 0x55695f6e5dc0 (12 bytes)
1784535295.530120 sending message 112 to peer 0x55695f6e5dc0 (13 bytes)
1784535295.530125 sending message 112 to peer 0x55695f6e5dc0 (13 bytes)
1784535295.530128 sending message 112 to peer 0x55695f6e5dc0 (13 bytes)
1784535295.530134 sending message 112 to peer 0x55695f6e5dc0 (13 bytes)
1784535295.530137 sending message 112 to peer 0x55695f6e5dc0 (13 bytes)
1784535295.530141 sending message 112 to peer 0x55695f6e5dc0 (8 bytes)
1784535295.530144 sending message 112 to peer 0x55695f6e5dc0 (11 bytes)
1784535295.530149 sending message 112 to peer 0x55695f6e5dc0 (11 bytes)
1784535295.530153 sending message 112 to peer 0x55695f6e5dc0 (11 bytes)
1784535295.530158 sending message 112 to peer 0x55695f6e5dc0 (12 bytes)
1784535295.530161 sending message 112 to peer 0x55695f6e5dc0 (12 bytes)
1784535295.530165 sending message 112 to peer 0x55695f6e5dc0 (12 bytes)
1784535295.530168 sending message 112 to peer 0x55695f6e5dc0 (12 bytes)
1784535295.530173 sending message 112 to peer 0x55695f6e5dc0 (13 bytes)
1784535295.530177 sending message 112 to peer 0x55695f6e5dc0 (13 bytes)
1784535295.530182 sending message 112 to peer 0x55695f6e5dc0 (13 bytes)
1784535295.530186 sending message 112 to peer 0x55695f6e5dc0 (8 bytes)
1784535295.530190 sending message 112 to peer 0x55695f6e5dc0 (13 bytes)
1784535295.530193 sending message 112 to peer 0x55695f6e5dc0 (13 bytes)
1784535295.530198 sending message 112 to peer 0x55695f6e5dc0 (13 bytes)
1784535295.530202 sending message 112 to peer 0x55695f6e5dc0 (13 bytes)
1784535295.530207 sending message 112 to peer 0x55695f6e5dc0 (13 bytes)
1784535295.530210 sending message 112 to peer 0x55695f6e5dc0 (12 bytes)
1784535295.530214 sending message 112 to peer 0x55695f6e5dc0 (12 bytes)
1784535295.530217 sending message 112 to peer 0x55695f6e5dc0 (12 bytes)
1784535295.530222 sending message 112 to peer 0x55695f6e5dc0 (12 bytes)
1784535295.530226 sending message 112 to peer 0x55695f6e5dc0 (13 bytes)
1784535295.530231 sending message 112 to peer 0x55695f6e5dc0 (8 bytes)
1784535295.530234 sending message 112 to peer 0x55695f6e5dc0 (13 bytes)
1784535295.530238 sending message 112 to peer 0x55695f6e5dc0 (13 bytes)
1784535295.530242 sending message 112 to peer 0x55695f6e5dc0 (13 bytes)
1784535295.530246 sending message 112 to peer 0x55695f6e5dc0 (13 bytes)
1784535295.530250 sending message 112 to peer 0x55695f6e5dc0 (13 bytes)
1784535295.530259 sending message 112 to peer 0x55695f6e5dc0 (13 bytes)
1784535295.530264 sending message 112 to peer 0x55695f6e5dc0 (13 bytes)
1784535295.530267 sending message 112 to peer 0x55695f6e5dc0 (12 bytes)
1784535295.530272 sending message 112 to peer 0x55695f6e5dc0 (12 bytes)
1784535295.530276 sending message 112 to peer 0x55695f6e5dc0 (12 bytes)
1784535295.530279 sending message 112 to peer 0x55695f6e5dc0 (8 bytes)
1784535295.530284 sending message 112 to peer 0x55695f6e5dc0 (12 bytes)
1784535295.530288 sending message 112 to peer 0x55695f6e5dc0 (13 bytes)
1784535295.530291 sending message 112 to peer 0x55695f6e5dc0 (13 bytes)
1784535295.530295 sending message 112 to peer 0x55695f6e5dc0 (13 bytes)
1784535295.530300 sending message 112 to peer 0x55695f6e5dc0 (13 bytes)
1784535295.530303 sending message 112 to peer 0x55695f6e5dc0 (13 bytes)
1784535295.530309 sending message 112 to peer 0x55695f6e5dc0 (13 bytes)
1784535295.530312 sending message 112 to peer 0x55695f6e5dc0 (13 bytes)
1784535295.530316 sending message 112 to peer 0x55695f6e5dc0 (13 bytes)
1784535295.530319 sending message 112 to peer 0x55695f6e5dc0 (12 bytes)
1784535295.530324 sending message 112 to peer 0x55695f6e5dc0 (10 bytes)
1784535295.530327 sending message 112 to peer 0x55695f6e5dc0 (12 bytes)
1784535295.530332 sending message 112 to peer 0x55695f6e5dc0 (12 bytes)
1784535295.530336 sending message 112 to peer 0x55695f6e5dc0 (12 bytes)
1784535295.530340 sending message 112 to peer 0x55695f6e5dc0 (13 bytes)
1784535295.530343 sending message 112 to peer 0x55695f6e5dc0 (13 bytes)
1784535295.530347 sending message 112 to peer 0x55695f6e5dc0 (13 bytes)
1784535295.530351 sending message 112 to peer 0x55695f6e5dc0 (13 bytes)
1784535295.530355 sending message 112 to peer 0x55695f6e5dc0 (13 bytes)
1784535295.530360 sending message 112 to peer 0x55695f6e5dc0 (13 bytes)
1784535295.530363 sending message 112 to peer 0x55695f6e5dc0 (13 bytes)
1784535295.530366 sending message 112 to peer 0x55695f6e5dc0 (10 bytes)
1784535295.530370 sending message 112 to peer 0x55695f6e5dc0 (13 bytes)
1784535295.530374 sending message 112 to peer 0x55695f6e5dc0 (12 bytes)
1784535295.530378 sending message 112 to peer 0x55695f6e5dc0 (12 bytes)
1784535295.530383 sending message 112 to peer 0x55695f6e5dc0 (12 bytes)
1784535295.530387 sending message 112 to peer 0x55695f6e5dc0 (10 bytes)
1784535295.530390 sending message 112 to peer 0x55695f6e5dc0 (10 bytes)
1784535295.530394 sending message 112 to peer 0x55695f6e5dc0 (10 bytes)
1784535295.530399 sending message 112 to peer 0x55695f6e5dc0 (12 bytes)
1784535295.530402 sending message 112 to peer 0x55695f6e5dc0 (13 bytes)
1784535295.530407 sending message 112 to peer 0x55695f6e5dc0 (13 bytes)
1784535295.530411 sending message 112 to peer 0x55695f6e5dc0 (13 bytes)
1784535295.530414 sending message 112 to peer 0x55695f6e5dc0 (13 bytes)
1784535295.530419 sending message 112 to peer 0x55695f6e5dc0 (13 bytes)
1784535295.530423 sending message 112 to peer 0x55695f6e5dc0 (10 bytes)
1784535295.530426 sending message 112 to peer 0x55695f6e5dc0 (11 bytes)
1784535295.530430 sending message 112 to peer 0x55695f6e5dc0 (12 bytes)
1784535295.530433 sending message 112 to peer 0x55695f6e5dc0 (12 bytes)
1784535295.530437 sending message 112 to peer 0x55695f6e5dc0 (12 bytes)
1784535295.530442 sending message 112 to peer 0x55695f6e5dc0 (12 bytes)
1784535295.530446 sending message 112 to peer 0x55695f6e5dc0 (12 bytes)
1784535295.530450 sending message 112 to peer 0x55695f6e5dc0 (11 bytes)
1784535295.530453 sending message 112 to peer 0x55695f6e5dc0 (12 bytes)
1784535295.530458 sending message 112 to peer 0x55695f6e5dc0 (12 bytes)
1784535295.530462 sending message 112 to peer 0x55695f6e5dc0 (13 bytes)
1784535295.530465 sending message 112 to peer 0x55695f6e5dc0 (13 bytes)
1784535295.530471 sending message 112 to peer 0x55695f6e5dc0 (13 bytes)
1784535295.530474 sending message 112 to peer 0x55695f6e5dc0 (13 bytes)
1784535295.530478 sending message 112 to peer 0x55695f6e5dc0 (13 bytes)
1784535295.530482 sending message 112 to peer 0x55695f6e5dc0 (10 bytes)
1784535295.530491 sending message 112 to peer 0x55695f6e5dc0 (9 bytes)
1784535295.530496 sending message 112 to peer 0x55695f6e5dc0 (12 bytes)
1784535295.530499 sending message 112 to peer 0x55695f6e5dc0 (13 bytes)
1784535295.530503 sending message 112 to peer 0x55695f6e5dc0 (13 bytes)
1784535295.530508 sending message 112 to peer 0x55695f6e5dc0 (13 bytes)
1784535295.530511 sending message 112 to peer 0x55695f6e5dc0 (13 bytes)
1784535295.530515 sending message 112 to peer 0x55695f6e5dc0 (13 bytes)
1784535295.530520 sending message 112 to peer 0x55695f6e5dc0 (9 bytes)
1784535295.530524 sending message 112 to peer 0x55695f6e5dc0 (12 bytes)
1784535295.530528 sending message 112 to peer 0x55695f6e5dc0 (13 bytes)
1784535295.530533 sending message 112 to peer 0x55695f6e5dc0 (13 bytes)
1784535295.530537 sending message 112 to peer 0x55695f6e5dc0 (13 bytes)
1784535295.530540 sending message 112 to peer 0x55695f6e5dc0 (13 bytes)
1784535295.530545 sending message 112 to peer 0x55695f6e5dc0 (13 bytes)
1784535295.530549 sending message 112 to peer 0x55695f6e5dc0 (11 bytes)
1784535295.530553 sending message 112 to peer 0x55695f6e5dc0 (12 bytes)
1784535295.530556 sending message 112 to peer 0x55695f6e5dc0 (13 bytes)
1784535295.530561 sending message 112 to peer 0x55695f6e5dc0 (13 bytes)
1784535295.530564 sending message 112 to peer 0x55695f6e5dc0 (13 bytes)
1784535295.530570 sending message 112 to peer 0x55695f6e5dc0 (13 bytes)
1784535295.530573 sending message 112 to peer 0x55695f6e5dc0 (13 bytes)
1784535295.530577 sending message 112 to peer 0x55695f6e5dc0 (11 bytes)
1784535295.530581 sending message 112 to peer 0x55695f6e5dc0 (12 bytes)
1784535295.530586 sending message 112 to peer 0x55695f6e5dc0 (12 bytes)
1784535295.530589 sending message 112 to peer 0x55695f6e5dc0 (12 bytes)
1784535295.530594 sending message 112 to peer 0x55695f6e5dc0 (12 bytes)
1784535295.530598 sending message 112 to peer 0x55695f6e5dc0 (12 bytes)
1784535295.530602 sending message 112 to peer 0x55695f6e5dc0 (21 bytes)
1784535295.530607 sending message 112 to peer 0x55695f6e5dc0 (12 bytes)
1784535295.530610 sending message 112 to peer 0x55695f6e5dc0 (9 bytes)
1784535295.530614 sending message 112 to peer 0x55695f6e5dc0 (6 bytes)
1784535295.530619 sending message 112 to peer 0x55695f6e5dc0 (13 bytes)
1784535295.530623 sending message 112 to peer 0x55695f6e5dc0 (10 bytes)
1784535295.530626 sending message 112 to peer 0x55695f6e5dc0 (15 bytes)
1784535295.530629 sending message 112 to peer 0x55695f6e5dc0 (13 bytes)
1784535295.530634 sending message 112 to peer 0x55695f6e5dc0 (9 bytes)
1784535295.530638 sending message 112 to peer 0x55695f6e5dc0 (70 bytes)
1784535295.530643 sending message 112 to peer 0x55695f6e5dc0 (69 bytes)
1784535295.530647 sending message 112 to peer 0x55695f6e5dc0 (34 bytes)
1784535295.530650 sending message 112 to peer 0x55695f6e5dc0 (34 bytes)
1784535295.530654 sending message 112 to peer 0x55695f6e5dc0 (70 bytes)
1784535295.530659 sending message 112 to peer 0x55695f6e5dc0 (12 bytes)
1784535295.530663 sending message 112 to peer 0x55695f6e5dc0 (10 bytes)
1784535295.530668 sending message 112 to peer 0x55695f6e5dc0 (10 bytes)
1784535295.530671 sending message 112 to peer 0x55695f6e5dc0 (15 bytes)
1784535295.530675 sending message 112 to peer 0x55695f6e5dc0 (13 bytes)
1784535295.530679 sending message 112 to peer 0x55695f6e5dc0 (10 bytes)
1784535295.530685 sending message 112 to peer 0x55695f6e5dc0 (10 bytes)
1784535295.530688 sending message 112 to peer 0x55695f6e5dc0 (17 bytes)
1784535295.530693 sending message 112 to peer 0x55695f6e5dc0 (10 bytes)
1784535295.530697 sending message 112 to peer 0x55695f6e5dc0 (13 bytes)
1784535295.530700 sending message 112 to peer 0x55695f6e5dc0 (32 bytes)
1784535295.530705 sending message 112 to peer 0x55695f6e5dc0 (5 bytes)
1784535295.530709 sending message 112 to peer 0x55695f6e5dc0 (9 bytes)
1784535295.530713 sending message 112 to peer 0x55695f6e5dc0 (15 bytes)
1784535295.530717 sending message 112 to peer 0x55695f6e5dc0 (5 bytes)
1784535295.530722 sending message 104 to peer 0x55695f6e5dc0 (0 bytes)
1784535295.530731 sending message 110 to peer 0x55695f6e5dc0 (0 bytes)
1784535295.530736 sending message 107 to peer 0x55695f6e5dc0 (4 bytes)
1784535295.530742 sending message 105 to peer 0x55695f6e5dc0 (25 bytes)
1784535295.530745 sending message 105 to peer 0x55695f6e5dc0 (23 bytes)
1784535295.530749 sending message 105 to peer 0x55695f6e5dc0 (81 bytes)
1784535295.530752 sending message 105 to peer 0x55695f6e5dc0 (25 bytes)
1784535295.530756 sending message 105 to peer 0x55695f6e5dc0 (20 bytes)
1784535295.530759 sending message 105 to peer 0x55695f6e5dc0 (30 bytes)
1784535295.530763 sending message 105 to peer 0x55695f6e5dc0 (16 bytes)
1784535295.530768 sending message 105 to peer 0x55695f6e5dc0 (17 bytes)
1784535295.530771 sending message 105 to peer 0x55695f6e5dc0 (60 bytes)
1784535295.530775 sending message 105 to peer 0x55695f6e5dc0 (20 bytes)
1784535295.530781 sending message 105 to peer 0x55695f6e5dc0 (73 bytes)
1784535295.530785 sending message 105 to peer 0x55695f6e5dc0 (21 bytes)
1784535295.530788 sending message 105 to peer 0x55695f6e5dc0 (28 bytes)
1784535295.530792 sending message 105 to peer 0x55695f6e5dc0 (15 bytes)
1784535295.530796 sending message 105 to peer 0x55695f6e5dc0 (50 bytes)
1784535295.530800 sending message 105 to peer 0x55695f6e5dc0 (596 bytes)
1784535295.530804 sending message 105 to peer 0x55695f6e5dc0 (11 bytes)
1784535295.530808 sending message 105 to peer 0x55695f6e5dc0 (120 bytes)
1784535295.530811 sending message 105 to peer 0x55695f6e5dc0 (12 bytes)
1784535295.530815 sending message 105 to peer 0x55695f6e5dc0 (58 bytes)
1784535295.530819 sending message 105 to peer 0x55695f6e5dc0 (11 bytes)
1784535295.530822 sending message 105 to peer 0x55695f6e5dc0 (20 bytes)
1784535295.530826 sending message 105 to peer 0x55695f6e5dc0 (21 bytes)
1784535295.530829 sending message 105 to peer 0x55695f6e5dc0 (57 bytes)
1784535295.530834 sending message 105 to peer 0x55695f6e5dc0 (31 bytes)
1784535295.530838 sending message 105 to peer 0x55695f6e5dc0 (29 bytes)
1784535295.530842 sending message 105 to peer 0x55695f6e5dc0 (26 bytes)
1784535295.530845 sending message 105 to peer 0x55695f6e5dc0 (54 bytes)
1784535295.530849 sending message 105 to peer 0x55695f6e5dc0 (52 bytes)
1784535295.530853 sending message 105 to peer 0x55695f6e5dc0 (24 bytes)
1784535295.530858 sending message 105 to peer 0x55695f6e5dc0 (75 bytes)
1784535295.530862 sending message 105 to peer 0x55695f6e5dc0 (21 bytes)
1784535295.530865 sending message 105 to peer 0x55695f6e5dc0 (46 bytes)
1784535295.530868 sending message 105 to peer 0x55695f6e5dc0 (51 bytes)
1784535295.530872 sending message 105 to peer 0x55695f6e5dc0 (22 bytes)
1784535295.530876 sending message 105 to peer 0x55695f6e5dc0 (14 bytes)
1784535295.530881 sending message 105 to peer 0x55695f6e5dc0 (27 bytes)
1784535295.530884 sending message 105 to peer 0x55695f6e5dc0 (39 bytes)
1784535295.530888 sending message 105 to peer 0x55695f6e5dc0 (54 bytes)
1784535295.530892 sending message 105 to peer 0x55695f6e5dc0 (14 bytes)
1784535295.530897 sending message 105 to peer 0x55695f6e5dc0 (24 bytes)
1784535295.530901 sending message 105 to peer 0x55695f6e5dc0 (86 bytes)
1784535295.530906 sending message 105 to peer 0x55695f6e5dc0 (8 bytes)
1784535295.530910 sending message 105 to peer 0x55695f6e5dc0 (24 bytes)
1784535295.530913 sending message 105 to peer 0x55695f6e5dc0 (17 bytes)
1784535295.530917 sending message 105 to peer 0x55695f6e5dc0 (23 bytes)
1784535295.530921 sending message 105 to peer 0x55695f6e5dc0 (24 bytes)
1784535295.530926 sending message 105 to peer 0x55695f6e5dc0 (17 bytes)
1784535295.530931 sending message 105 to peer 0x55695f6e5dc0 (26 bytes)
1784535295.530935 sending message 105 to peer 0x55695f6e5dc0 (23 bytes)
1784535295.530939 sending message 105 to peer 0x55695f6e5dc0 (43 bytes)
1784535295.530943 sending message 105 to peer 0x55695f6e5dc0 (23 bytes)
1784535295.530947 sending message 105 to peer 0x55695f6e5dc0 (30 bytes)
1784535295.530951 sending message 105 to peer 0x55695f6e5dc0 (43 bytes)
1784535295.530956 sending message 105 to peer 0x55695f6e5dc0 (41 bytes)
1784535295.530974 sending message 105 to peer 0x55695f6e5dc0 (24 bytes)
1784535295.530979 sending message 105 to peer 0x55695f6e5dc0 (15 bytes)
1784535295.530982 sending message 105 to peer 0x55695f6e5dc0 (25 bytes)
1784535295.530986 sending message 105 to peer 0x55695f6e5dc0 (47 bytes)
1784535295.530990 sending message 105 to peer 0x55695f6e5dc0 (22 bytes)
1784535295.530995 sending message 105 to peer 0x55695f6e5dc0 (16 bytes)
1784535295.530999 sending message 105 to peer 0x55695f6e5dc0 (27 bytes)
1784535295.531004 sending message 105 to peer 0x55695f6e5dc0 (53 bytes)
1784535295.531007 sending message 105 to peer 0x55695f6e5dc0 (41 bytes)
1784535295.531021 sending message 105 to peer 0x55695f6e5dc0 (142 bytes)
1784535295.531025 sending message 105 to peer 0x55695f6e5dc0 (25 bytes)
1784535295.531029 sending message 105 to peer 0x55695f6e5dc0 (11 bytes)
1784535295.531032 sending message 105 to peer 0x55695f6e5dc0 (21 bytes)
1784535295.531036 sending message 105 to peer 0x55695f6e5dc0 (35 bytes)
1784535295.531039 sending message 105 to peer 0x55695f6e5dc0 (90 bytes)
1784535295.531045 sending message 105 to peer 0x55695f6e5dc0 (102 bytes)
1784535295.531049 sending message 105 to peer 0x55695f6e5dc0 (31 bytes)
1784535295.531052 sending message 105 to peer 0x55695f6e5dc0 (19 bytes)
1784535295.531057 sending message 105 to peer 0x55695f6e5dc0 (23 bytes)
1784535295.531061 sending message 105 to peer 0x55695f6e5dc0 (29 bytes)
1784535295.531065 sending message 105 to peer 0x55695f6e5dc0 (38 bytes)
1784535295.531070 sending message 105 to peer 0x55695f6e5dc0 (19 bytes)
1784535295.531074 sending message 106 to peer 0x55695f6e5dc0 (0 bytes)
1784535295.531137 sending message 200 to peer 0x55695f6e5dc0 (4 bytes)
1784535295.531143 client loop enter
1784535295.531162 client_signal: Child exited
1784535295.607486 peer 0x55695f6e5dc0 message 207
1784535295.607512 sending message 208 to peer 0x55695f6e5dc0 (0 bytes)
1784535312.201402 peer 0x55695f6e5dc0 message 203
1784535312.201420 sending message 205 to peer 0x55695f6e5dc0 (0 bytes)
1784535312.201601 peer 0x55695f6e5dc0 message 204
1784535312.201609 client loop exit
