1784535354.136462 client started (114836): version 3.7b, socket /tmp/tmux-1000/default, protocol 8
1784535354.136504 on Linux 7.1.3-2-cachyos #1 SMP PREEMPT_DYNAMIC Wed, 08 Jul 2026 18:34:01 +0000
1784535354.136510 using libevent 2.1.13-stable poll
1784535354.136513 using ncurses 6.6 20251230
1784535354.136532 flags are 0x10010000
1784535354.136547 socket is /tmp/tmux-1000/default
1784535354.136560 trying connect
1784535354.136600 add peer 0x556d5df5cf40: 6 ((nil))
1784535354.136923 sending message 111 to peer 0x556d5df5cf40 (8 bytes)
1784535354.136936 sending message 111 to peer 0x556d5df5cf40 (8 bytes)
1784535354.136941 sending message 101 to peer 0x556d5df5cf40 (14 bytes)
1784535354.136944 sending message 109 to peer 0x556d5df5cf40 (4 bytes)
1784535354.136948 sending message 102 to peer 0x556d5df5cf40 (11 bytes)
1784535354.136951 sending message 108 to peer 0x556d5df5cf40 (34 bytes)
1784535354.136955 sending message 112 to peer 0x556d5df5cf40 (70 bytes)
1784535354.136959 sending message 112 to peer 0x556d5df5cf40 (5 bytes)
1784535354.136964 sending message 112 to peer 0x556d5df5cf40 (5 bytes)
1784535354.136968 sending message 112 to peer 0x556d5df5cf40 (6 bytes)
1784535354.136971 sending message 112 to peer 0x556d5df5cf40 (6 bytes)
1784535354.136976 sending message 112 to peer 0x556d5df5cf40 (11 bytes)
1784535354.136980 sending message 112 to peer 0x556d5df5cf40 (10 bytes)
1784535354.136983 sending message 112 to peer 0x556d5df5cf40 (13 bytes)
1784535354.136988 sending message 112 to peer 0x556d5df5cf40 (13 bytes)
1784535354.136992 sending message 112 to peer 0x556d5df5cf40 (18 bytes)
1784535354.136995 sending message 112 to peer 0x556d5df5cf40 (11 bytes)
1784535354.136998 sending message 112 to peer 0x556d5df5cf40 (10 bytes)
1784535354.137003 sending message 112 to peer 0x556d5df5cf40 (15 bytes)
1784535354.137007 sending message 112 to peer 0x556d5df5cf40 (21 bytes)
1784535354.137017 sending message 112 to peer 0x556d5df5cf40 (13 bytes)
1784535354.137022 sending message 112 to peer 0x556d5df5cf40 (7 bytes)
1784535354.137026 sending message 112 to peer 0x556d5df5cf40 (13 bytes)
1784535354.137029 sending message 112 to peer 0x556d5df5cf40 (7 bytes)
1784535354.137034 sending message 112 to peer 0x556d5df5cf40 (13 bytes)
1784535354.137038 sending message 112 to peer 0x556d5df5cf40 (9 bytes)
1784535354.137042 sending message 112 to peer 0x556d5df5cf40 (21 bytes)
1784535354.137046 sending message 112 to peer 0x556d5df5cf40 (13 bytes)
1784535354.137051 sending message 112 to peer 0x556d5df5cf40 (8 bytes)
1784535354.137055 sending message 112 to peer 0x556d5df5cf40 (12 bytes)
1784535354.137058 sending message 112 to peer 0x556d5df5cf40 (13 bytes)
1784535354.137063 sending message 112 to peer 0x556d5df5cf40 (9 bytes)
1784535354.137067 sending message 112 to peer 0x556d5df5cf40 (9 bytes)
1784535354.137071 sending message 112 to peer 0x556d5df5cf40 (12 bytes)
1784535354.137075 sending message 112 to peer 0x556d5df5cf40 (8 bytes)
1784535354.137079 sending message 112 to peer 0x556d5df5cf40 (8 bytes)
1784535354.137082 sending message 112 to peer 0x556d5df5cf40 (7 bytes)
1784535354.137086 sending message 112 to peer 0x556d5df5cf40 (7 bytes)
1784535354.137090 sending message 112 to peer 0x556d5df5cf40 (9 bytes)
1784535354.137094 sending message 112 to peer 0x556d5df5cf40 (13 bytes)
1784535354.137097 sending message 112 to peer 0x556d5df5cf40 (6 bytes)
1784535354.137101 sending message 112 to peer 0x556d5df5cf40 (9 bytes)
1784535354.137106 sending message 112 to peer 0x556d5df5cf40 (15 bytes)
1784535354.137109 sending message 112 to peer 0x556d5df5cf40 (13 bytes)
1784535354.137113 sending message 112 to peer 0x556d5df5cf40 (12 bytes)
1784535354.137118 sending message 112 to peer 0x556d5df5cf40 (8 bytes)
1784535354.137121 sending message 112 to peer 0x556d5df5cf40 (14 bytes)
1784535354.137125 sending message 112 to peer 0x556d5df5cf40 (11 bytes)
1784535354.137129 sending message 112 to peer 0x556d5df5cf40 (9 bytes)
1784535354.137133 sending message 112 to peer 0x556d5df5cf40 (10 bytes)
1784535354.137136 sending message 112 to peer 0x556d5df5cf40 (10 bytes)
1784535354.137148 sending message 112 to peer 0x556d5df5cf40 (10 bytes)
1784535354.137153 sending message 112 to peer 0x556d5df5cf40 (10 bytes)
1784535354.137158 sending message 112 to peer 0x556d5df5cf40 (11 bytes)
1784535354.137161 sending message 112 to peer 0x556d5df5cf40 (12 bytes)
1784535354.137165 sending message 112 to peer 0x556d5df5cf40 (12 bytes)
1784535354.137168 sending message 112 to peer 0x556d5df5cf40 (12 bytes)
1784535354.137173 sending message 112 to peer 0x556d5df5cf40 (12 bytes)
1784535354.137176 sending message 112 to peer 0x556d5df5cf40 (12 bytes)
1784535354.137180 sending message 112 to peer 0x556d5df5cf40 (11 bytes)
1784535354.137185 sending message 112 to peer 0x556d5df5cf40 (11 bytes)
1784535354.137188 sending message 112 to peer 0x556d5df5cf40 (12 bytes)
1784535354.137192 sending message 112 to peer 0x556d5df5cf40 (12 bytes)
1784535354.137195 sending message 112 to peer 0x556d5df5cf40 (12 bytes)
1784535354.137200 sending message 112 to peer 0x556d5df5cf40 (12 bytes)
1784535354.137203 sending message 112 to peer 0x556d5df5cf40 (12 bytes)
1784535354.137207 sending message 112 to peer 0x556d5df5cf40 (10 bytes)
1784535354.137211 sending message 112 to peer 0x556d5df5cf40 (12 bytes)
1784535354.137215 sending message 112 to peer 0x556d5df5cf40 (13 bytes)
1784535354.137218 sending message 112 to peer 0x556d5df5cf40 (13 bytes)
1784535354.137222 sending message 112 to peer 0x556d5df5cf40 (13 bytes)
1784535354.137226 sending message 112 to peer 0x556d5df5cf40 (13 bytes)
1784535354.137230 sending message 112 to peer 0x556d5df5cf40 (13 bytes)
1784535354.137233 sending message 112 to peer 0x556d5df5cf40 (8 bytes)
1784535354.137238 sending message 112 to peer 0x556d5df5cf40 (11 bytes)
1784535354.137242 sending message 112 to peer 0x556d5df5cf40 (11 bytes)
1784535354.137245 sending message 112 to peer 0x556d5df5cf40 (11 bytes)
1784535354.137249 sending message 112 to peer 0x556d5df5cf40 (12 bytes)
1784535354.137253 sending message 112 to peer 0x556d5df5cf40 (12 bytes)
1784535354.137257 sending message 112 to peer 0x556d5df5cf40 (12 bytes)
1784535354.137260 sending message 112 to peer 0x556d5df5cf40 (12 bytes)
1784535354.137265 sending message 112 to peer 0x556d5df5cf40 (13 bytes)
1784535354.137268 sending message 112 to peer 0x556d5df5cf40 (13 bytes)
1784535354.137272 sending message 112 to peer 0x556d5df5cf40 (13 bytes)
1784535354.137275 sending message 112 to peer 0x556d5df5cf40 (8 bytes)
1784535354.137280 sending message 112 to peer 0x556d5df5cf40 (13 bytes)
1784535354.137284 sending message 112 to peer 0x556d5df5cf40 (13 bytes)
1784535354.137287 sending message 112 to peer 0x556d5df5cf40 (13 bytes)
1784535354.137292 sending message 112 to peer 0x556d5df5cf40 (13 bytes)
1784535354.137295 sending message 112 to peer 0x556d5df5cf40 (13 bytes)
1784535354.137299 sending message 112 to peer 0x556d5df5cf40 (12 bytes)
1784535354.137302 sending message 112 to peer 0x556d5df5cf40 (12 bytes)
1784535354.137307 sending message 112 to peer 0x556d5df5cf40 (12 bytes)
1784535354.137310 sending message 112 to peer 0x556d5df5cf40 (12 bytes)
1784535354.137314 sending message 112 to peer 0x556d5df5cf40 (13 bytes)
1784535354.137317 sending message 112 to peer 0x556d5df5cf40 (8 bytes)
1784535354.137322 sending message 112 to peer 0x556d5df5cf40 (13 bytes)
1784535354.137326 sending message 112 to peer 0x556d5df5cf40 (13 bytes)
1784535354.137329 sending message 112 to peer 0x556d5df5cf40 (13 bytes)
1784535354.137334 sending message 112 to peer 0x556d5df5cf40 (13 bytes)
1784535354.137338 sending message 112 to peer 0x556d5df5cf40 (13 bytes)
1784535354.137341 sending message 112 to peer 0x556d5df5cf40 (13 bytes)
1784535354.137344 sending message 112 to peer 0x556d5df5cf40 (13 bytes)
1784535354.137349 sending message 112 to peer 0x556d5df5cf40 (12 bytes)
1784535354.137353 sending message 112 to peer 0x556d5df5cf40 (12 bytes)
1784535354.137356 sending message 112 to peer 0x556d5df5cf40 (12 bytes)
1784535354.137361 sending message 112 to peer 0x556d5df5cf40 (8 bytes)
1784535354.137365 sending message 112 to peer 0x556d5df5cf40 (12 bytes)
1784535354.137372 sending message 112 to peer 0x556d5df5cf40 (13 bytes)
1784535354.137377 sending message 112 to peer 0x556d5df5cf40 (13 bytes)
1784535354.137381 sending message 112 to peer 0x556d5df5cf40 (13 bytes)
1784535354.137384 sending message 112 to peer 0x556d5df5cf40 (13 bytes)
1784535354.137389 sending message 112 to peer 0x556d5df5cf40 (13 bytes)
1784535354.137392 sending message 112 to peer 0x556d5df5cf40 (13 bytes)
1784535354.137396 sending message 112 to peer 0x556d5df5cf40 (13 bytes)
1784535354.137401 sending message 112 to peer 0x556d5df5cf40 (13 bytes)
1784535354.137405 sending message 112 to peer 0x556d5df5cf40 (12 bytes)
1784535354.137409 sending message 112 to peer 0x556d5df5cf40 (10 bytes)
1784535354.137412 sending message 112 to peer 0x556d5df5cf40 (12 bytes)
1784535354.137417 sending message 112 to peer 0x556d5df5cf40 (12 bytes)
1784535354.137420 sending message 112 to peer 0x556d5df5cf40 (12 bytes)
1784535354.137424 sending message 112 to peer 0x556d5df5cf40 (13 bytes)
1784535354.137428 sending message 112 to peer 0x556d5df5cf40 (13 bytes)
1784535354.137432 sending message 112 to peer 0x556d5df5cf40 (13 bytes)
1784535354.137435 sending message 112 to peer 0x556d5df5cf40 (13 bytes)
1784535354.137439 sending message 112 to peer 0x556d5df5cf40 (13 bytes)
1784535354.137444 sending message 112 to peer 0x556d5df5cf40 (13 bytes)
1784535354.137447 sending message 112 to peer 0x556d5df5cf40 (13 bytes)
1784535354.137450 sending message 112 to peer 0x556d5df5cf40 (10 bytes)
1784535354.137455 sending message 112 to peer 0x556d5df5cf40 (13 bytes)
1784535354.137459 sending message 112 to peer 0x556d5df5cf40 (12 bytes)
1784535354.137462 sending message 112 to peer 0x556d5df5cf40 (12 bytes)
1784535354.137465 sending message 112 to peer 0x556d5df5cf40 (12 bytes)
1784535354.137470 sending message 112 to peer 0x556d5df5cf40 (10 bytes)
1784535354.137474 sending message 112 to peer 0x556d5df5cf40 (10 bytes)
1784535354.137477 sending message 112 to peer 0x556d5df5cf40 (10 bytes)
1784535354.137481 sending message 112 to peer 0x556d5df5cf40 (12 bytes)
1784535354.137486 sending message 112 to peer 0x556d5df5cf40 (13 bytes)
1784535354.137489 sending message 112 to peer 0x556d5df5cf40 (13 bytes)
1784535354.137493 sending message 112 to peer 0x556d5df5cf40 (13 bytes)
1784535354.137498 sending message 112 to peer 0x556d5df5cf40 (13 bytes)
1784535354.137502 sending message 112 to peer 0x556d5df5cf40 (13 bytes)
1784535354.137505 sending message 112 to peer 0x556d5df5cf40 (11 bytes)
1784535354.137509 sending message 112 to peer 0x556d5df5cf40 (11 bytes)
1784535354.137513 sending message 112 to peer 0x556d5df5cf40 (12 bytes)
1784535354.137517 sending message 112 to peer 0x556d5df5cf40 (12 bytes)
1784535354.137520 sending message 112 to peer 0x556d5df5cf40 (12 bytes)
1784535354.137525 sending message 112 to peer 0x556d5df5cf40 (12 bytes)
1784535354.137529 sending message 112 to peer 0x556d5df5cf40 (12 bytes)
1784535354.137532 sending message 112 to peer 0x556d5df5cf40 (11 bytes)
1784535354.137536 sending message 112 to peer 0x556d5df5cf40 (12 bytes)
1784535354.137541 sending message 112 to peer 0x556d5df5cf40 (12 bytes)
1784535354.137544 sending message 112 to peer 0x556d5df5cf40 (13 bytes)
1784535354.137547 sending message 112 to peer 0x556d5df5cf40 (13 bytes)
1784535354.137552 sending message 112 to peer 0x556d5df5cf40 (13 bytes)
1784535354.137556 sending message 112 to peer 0x556d5df5cf40 (13 bytes)
1784535354.137559 sending message 112 to peer 0x556d5df5cf40 (13 bytes)
1784535354.137563 sending message 112 to peer 0x556d5df5cf40 (10 bytes)
1784535354.137567 sending message 112 to peer 0x556d5df5cf40 (9 bytes)
1784535354.137571 sending message 112 to peer 0x556d5df5cf40 (12 bytes)
1784535354.137575 sending message 112 to peer 0x556d5df5cf40 (13 bytes)
1784535354.137579 sending message 112 to peer 0x556d5df5cf40 (13 bytes)
1784535354.137583 sending message 112 to peer 0x556d5df5cf40 (13 bytes)
1784535354.137586 sending message 112 to peer 0x556d5df5cf40 (13 bytes)
1784535354.137590 sending message 112 to peer 0x556d5df5cf40 (13 bytes)
1784535354.137598 sending message 112 to peer 0x556d5df5cf40 (9 bytes)
1784535354.137602 sending message 112 to peer 0x556d5df5cf40 (12 bytes)
1784535354.137606 sending message 112 to peer 0x556d5df5cf40 (13 bytes)
1784535354.137610 sending message 112 to peer 0x556d5df5cf40 (13 bytes)
1784535354.137613 sending message 112 to peer 0x556d5df5cf40 (13 bytes)
1784535354.137617 sending message 112 to peer 0x556d5df5cf40 (13 bytes)
1784535354.137622 sending message 112 to peer 0x556d5df5cf40 (13 bytes)
1784535354.137625 sending message 112 to peer 0x556d5df5cf40 (11 bytes)
1784535354.137629 sending message 112 to peer 0x556d5df5cf40 (12 bytes)
1784535354.137633 sending message 112 to peer 0x556d5df5cf40 (13 bytes)
1784535354.137637 sending message 112 to peer 0x556d5df5cf40 (13 bytes)
1784535354.137640 sending message 112 to peer 0x556d5df5cf40 (13 bytes)
1784535354.137644 sending message 112 to peer 0x556d5df5cf40 (13 bytes)
1784535354.137649 sending message 112 to peer 0x556d5df5cf40 (13 bytes)
1784535354.137652 sending message 112 to peer 0x556d5df5cf40 (11 bytes)
1784535354.137656 sending message 112 to peer 0x556d5df5cf40 (12 bytes)
1784535354.137661 sending message 112 to peer 0x556d5df5cf40 (12 bytes)
1784535354.137664 sending message 112 to peer 0x556d5df5cf40 (12 bytes)
1784535354.137667 sending message 112 to peer 0x556d5df5cf40 (12 bytes)
1784535354.137671 sending message 112 to peer 0x556d5df5cf40 (12 bytes)
1784535354.137675 sending message 112 to peer 0x556d5df5cf40 (21 bytes)
1784535354.137679 sending message 112 to peer 0x556d5df5cf40 (12 bytes)
1784535354.137682 sending message 112 to peer 0x556d5df5cf40 (9 bytes)
1784535354.137686 sending message 112 to peer 0x556d5df5cf40 (6 bytes)
1784535354.137690 sending message 112 to peer 0x556d5df5cf40 (13 bytes)
1784535354.137694 sending message 112 to peer 0x556d5df5cf40 (8 bytes)
1784535354.137697 sending message 112 to peer 0x556d5df5cf40 (15 bytes)
1784535354.137702 sending message 112 to peer 0x556d5df5cf40 (13 bytes)
1784535354.137705 sending message 112 to peer 0x556d5df5cf40 (9 bytes)
1784535354.137709 sending message 112 to peer 0x556d5df5cf40 (70 bytes)
1784535354.137712 sending message 112 to peer 0x556d5df5cf40 (69 bytes)
1784535354.137717 sending message 112 to peer 0x556d5df5cf40 (10 bytes)
1784535354.137721 sending message 112 to peer 0x556d5df5cf40 (10 bytes)
1784535354.137724 sending message 112 to peer 0x556d5df5cf40 (8 bytes)
1784535354.137729 sending message 112 to peer 0x556d5df5cf40 (15 bytes)
1784535354.137733 sending message 112 to peer 0x556d5df5cf40 (13 bytes)
1784535354.137736 sending message 112 to peer 0x556d5df5cf40 (10 bytes)
1784535354.137739 sending message 112 to peer 0x556d5df5cf40 (10 bytes)
1784535354.137744 sending message 112 to peer 0x556d5df5cf40 (17 bytes)
1784535354.137748 sending message 112 to peer 0x556d5df5cf40 (10 bytes)
1784535354.137751 sending message 112 to peer 0x556d5df5cf40 (13 bytes)
1784535354.137756 sending message 112 to peer 0x556d5df5cf40 (9 bytes)
1784535354.137759 sending message 112 to peer 0x556d5df5cf40 (5 bytes)
1784535354.137763 sending message 112 to peer 0x556d5df5cf40 (15 bytes)
1784535354.137767 sending message 104 to peer 0x556d5df5cf40 (0 bytes)
1784535354.137773 sending message 110 to peer 0x556d5df5cf40 (0 bytes)
1784535354.137778 sending message 107 to peer 0x556d5df5cf40 (4 bytes)
1784535354.137782 sending message 105 to peer 0x556d5df5cf40 (12 bytes)
1784535354.137786 sending message 105 to peer 0x556d5df5cf40 (11 bytes)
1784535354.137789 sending message 105 to peer 0x556d5df5cf40 (25 bytes)
1784535354.137793 sending message 105 to peer 0x556d5df5cf40 (58 bytes)
1784535354.137798 sending message 105 to peer 0x556d5df5cf40 (30 bytes)
1784535354.137801 sending message 105 to peer 0x556d5df5cf40 (22 bytes)
1784535354.137805 sending message 105 to peer 0x556d5df5cf40 (22 bytes)
1784535354.137810 sending message 105 to peer 0x556d5df5cf40 (31 bytes)
1784535354.137814 sending message 105 to peer 0x556d5df5cf40 (11 bytes)
1784535354.137817 sending message 105 to peer 0x556d5df5cf40 (24 bytes)
1784535354.137824 sending message 105 to peer 0x556d5df5cf40 (53 bytes)
1784535354.137829 sending message 105 to peer 0x556d5df5cf40 (17 bytes)
1784535354.137833 sending message 105 to peer 0x556d5df5cf40 (737 bytes)
1784535354.137838 sending message 105 to peer 0x556d5df5cf40 (120 bytes)
1784535354.137841 sending message 105 to peer 0x556d5df5cf40 (142 bytes)
1784535354.137845 sending message 105 to peer 0x556d5df5cf40 (51 bytes)
1784535354.137848 sending message 105 to peer 0x556d5df5cf40 (39 bytes)
1784535354.137853 sending message 105 to peer 0x556d5df5cf40 (14 bytes)
1784535354.137856 sending message 105 to peer 0x556d5df5cf40 (47 bytes)
1784535354.137860 sending message 105 to peer 0x556d5df5cf40 (17 bytes)
1784535354.137865 sending message 105 to peer 0x556d5df5cf40 (60 bytes)
1784535354.137868 sending message 105 to peer 0x556d5df5cf40 (19 bytes)
1784535354.137871 sending message 105 to peer 0x556d5df5cf40 (20 bytes)
1784535354.137875 sending message 105 to peer 0x556d5df5cf40 (16 bytes)
1784535354.137880 sending message 105 to peer 0x556d5df5cf40 (18 bytes)
1784535354.137883 sending message 105 to peer 0x556d5df5cf40 (23 bytes)
1784535354.137887 sending message 105 to peer 0x556d5df5cf40 (41 bytes)
1784535354.137892 sending message 105 to peer 0x556d5df5cf40 (43 bytes)
1784535354.137895 sending message 105 to peer 0x556d5df5cf40 (38 bytes)
1784535354.137899 sending message 105 to peer 0x556d5df5cf40 (15 bytes)
1784535354.137902 sending message 105 to peer 0x556d5df5cf40 (26 bytes)
1784535354.137907 sending message 105 to peer 0x556d5df5cf40 (26 bytes)
1784535354.137911 sending message 105 to peer 0x556d5df5cf40 (8 bytes)
1784535354.137914 sending message 105 to peer 0x556d5df5cf40 (15 bytes)
1784535354.137919 sending message 105 to peer 0x556d5df5cf40 (57 bytes)
1784535354.137922 sending message 105 to peer 0x556d5df5cf40 (27 bytes)
1784535354.137926 sending message 105 to peer 0x556d5df5cf40 (25 bytes)
1784535354.137929 sending message 105 to peer 0x556d5df5cf40 (73 bytes)
1784535354.137934 sending message 105 to peer 0x556d5df5cf40 (37 bytes)
1784535354.137937 sending message 105 to peer 0x556d5df5cf40 (28 bytes)
1784535354.137941 sending message 105 to peer 0x556d5df5cf40 (24 bytes)
1784535354.137946 sending message 105 to peer 0x556d5df5cf40 (20 bytes)
1784535354.137949 sending message 105 to peer 0x556d5df5cf40 (90 bytes)
1784535354.137953 sending message 105 to peer 0x556d5df5cf40 (21 bytes)
1784535354.137956 sending message 105 to peer 0x556d5df5cf40 (11 bytes)
1784535354.137961 sending message 105 to peer 0x556d5df5cf40 (54 bytes)
1784535354.137964 sending message 105 to peer 0x556d5df5cf40 (75 bytes)
1784535354.137968 sending message 105 to peer 0x556d5df5cf40 (50 bytes)
1784535354.137972 sending message 105 to peer 0x556d5df5cf40 (24 bytes)
1784535354.137976 sending message 105 to peer 0x556d5df5cf40 (102 bytes)
1784535354.137980 sending message 105 to peer 0x556d5df5cf40 (24 bytes)
1784535354.137983 sending message 105 to peer 0x556d5df5cf40 (21 bytes)
1784535354.137988 sending message 105 to peer 0x556d5df5cf40 (81 bytes)
1784535354.137992 sending message 105 to peer 0x556d5df5cf40 (54 bytes)
1784535354.137995 sending message 105 to peer 0x556d5df5cf40 (27 bytes)
1784535354.138000 sending message 105 to peer 0x556d5df5cf40 (86 bytes)
1784535354.138003 sending message 105 to peer 0x556d5df5cf40 (25 bytes)
1784535354.138007 sending message 105 to peer 0x556d5df5cf40 (23 bytes)
1784535354.138012 sending message 105 to peer 0x556d5df5cf40 (17 bytes)
1784535354.138016 sending message 105 to peer 0x556d5df5cf40 (13 bytes)
1784535354.138020 sending message 105 to peer 0x556d5df5cf40 (41 bytes)
1784535354.138034 sending message 105 to peer 0x556d5df5cf40 (46 bytes)
1784535354.138039 sending message 105 to peer 0x556d5df5cf40 (21 bytes)
1784535354.138043 sending message 105 to peer 0x556d5df5cf40 (29 bytes)
1784535354.138046 sending message 105 to peer 0x556d5df5cf40 (23 bytes)
1784535354.138051 sending message 105 to peer 0x556d5df5cf40 (25 bytes)
1784535354.138055 sending message 105 to peer 0x556d5df5cf40 (24 bytes)
1784535354.138062 sending message 105 to peer 0x556d5df5cf40 (52 bytes)
1784535354.138067 sending message 105 to peer 0x556d5df5cf40 (43 bytes)
1784535354.138071 sending message 105 to peer 0x556d5df5cf40 (30 bytes)
1784535354.138074 sending message 105 to peer 0x556d5df5cf40 (26 bytes)
1784535354.138079 sending message 105 to peer 0x556d5df5cf40 (20 bytes)
1784535354.138083 sending message 105 to peer 0x556d5df5cf40 (29 bytes)
1784535354.138086 sending message 105 to peer 0x556d5df5cf40 (19 bytes)
1784535354.138091 sending message 105 to peer 0x556d5df5cf40 (23 bytes)
1784535354.138095 sending message 105 to peer 0x556d5df5cf40 (31 bytes)
1784535354.138098 sending message 105 to peer 0x556d5df5cf40 (23 bytes)
1784535354.138103 sending message 105 to peer 0x556d5df5cf40 (16 bytes)
1784535354.138106 sending message 105 to peer 0x556d5df5cf40 (14 bytes)
1784535354.138110 sending message 106 to peer 0x556d5df5cf40 (0 bytes)
1784535354.138163 sending message 200 to peer 0x556d5df5cf40 (4 bytes)
1784535354.138170 client loop enter
1784535354.138341 peer 0x556d5df5cf40 message 303
1784535354.138349 open write file 2 -
1784535354.138358 sending message 305 to peer 0x556d5df5cf40 (8 bytes)
1784535354.138370 write check file 2
1784535354.138397 peer 0x556d5df5cf40 message 304
1784535354.138405 write 58 to file 2
1784535354.138410 peer 0x556d5df5cf40 message 203
1784535354.138413 file 2 58 bytes left
1784535354.138425 write check file 2
1784535354.138431 client loop exit
